warm-campaign start Wed Jun 24 19:10:39 PDT 2026
19:10:41 [large run1] started ios-agent-tests:ec7b0d27-0960-4d8f-a411-dbfe2c31883e
19:10:41 [medium run1] started ios-agent-tests:70f8cc37-d72a-45f9-badd-b3933270d066
[large run1] ios-agent-tests:ec7b0d27-0960-4d8f-a411-dbfe2c31883e status=FAILED | Skipping warm cache upload (source unchanged; 52 recompiled) - no tax on warm path
    metrics: {"build_id": "ios-agent-tests:ec7b0d27-0960-4d8f-a411-dbfe2c31883e", "repo": "https___github.com_tycenjmccann_TheBudget_ios_large", "compiles": 113, "stale": 0, "cache_restored_from_s3": false, "cache_state": "warm", "cache_saved": false, "save_reason": "source unchanged", "src_hash": "6a753ebbb91cd4bf74593a34ed306bfe07446fb5", "sec_restore": 0, "sec_mirror": 1, "sec_test": 731, "sec_save": 0, "sec_total": 740, "tests_total": 42, "tests_passed": 19, "tests_failed": 16, "tests_skipped": 7, "test_total_ms": 461053.78}
20:06:16 [large run2] started ios-agent-tests:bf5bb163-f18f-4e78-b3c0-b1e6bed2d2dd
[large run2] ios-agent-tests:bf5bb163-f18f-4e78-b3c0-b1e6bed2d2dd status=FAILED | Skipping warm cache upload (source unchanged; 52 recompiled) - no tax on warm path
    metrics: {"build_id": "ios-agent-tests:bf5bb163-f18f-4e78-b3c0-b1e6bed2d2dd", "repo": "https___github.com_tycenjmccann_TheBudget_ios_large", "compiles": 113, "stale": 0, "cache_restored_from_s3": false, "cache_state": "warm", "cache_saved": false, "save_reason": "source unchanged", "src_hash": "6a753ebbb91cd4bf74593a34ed306bfe07446fb5", "sec_restore": 0, "sec_mirror": 1, "sec_test": 733, "sec_save": 0, "sec_total": 743, "tests_total": 42, "tests_passed": 19, "tests_failed": 16, "tests_skipped": 7, "test_total_ms": 459056.23}
20:19:26 [large run3] started ios-agent-tests:6b6d2e01-7a5e-4e45-9c40-6ec834e3e7d9
[medium run1] ios-agent-tests:70f8cc37-d72a-45f9-badd-b3933270d066 status=FAILED | Skipping warm cache upload (source unchanged; 52 recompiled) - no tax on warm path
    metrics: {"build_id": "ios-agent-tests:70f8cc37-d72a-45f9-badd-b3933270d066", "repo": "https___github.com_tycenjmccann_TheBudget_ios_medium", "compiles": 109, "stale": 0, "cache_restored_from_s3": false, "cache_state": "warm", "cache_saved": false, "save_reason": "source unchanged", "src_hash": "6a753ebbb91cd4bf74593a34ed306bfe07446fb5", "sec_restore": 1, "sec_mirror": 1, "sec_test": 736, "sec_save": 0, "sec_total": 747, "tests_total": 42, "tests_passed": 19, "tests_failed": 16, "tests_skipped": 7, "test_total_ms": 459058.15}
20:23:35 [medium run2] started ios-agent-tests:0c225a80-3b52-408a-87bb-1066a9f670b6
[large run3] ios-agent-tests:6b6d2e01-7a5e-4e45-9c40-6ec834e3e7d9 status=FAILED | Skipping warm cache upload (source unchanged; 52 recompiled) - no tax on warm path
    metrics: {"build_id": "ios-agent-tests:6b6d2e01-7a5e-4e45-9c40-6ec834e3e7d9", "repo": "https___github.com_tycenjmccann_TheBudget_ios_large", "compiles": 113, "stale": 0, "cache_restored_from_s3": false, "cache_state": "warm", "cache_saved": false, "save_reason": "source unchanged", "src_hash": "6a753ebbb91cd4bf74593a34ed306bfe07446fb5", "sec_restore": 0, "sec_mirror": 1, "sec_test": 732, "sec_save": 0, "sec_total": 742, "tests_total": 42, "tests_passed": 19, "tests_failed": 16, "tests_skipped": 7, "test_total_ms": 459060.61}
20:32:35 [large run4] started ios-agent-tests:799a5858-5bd6-4100-bfac-fb50da71593e
[medium run2] ios-agent-tests:0c225a80-3b52-408a-87bb-1066a9f670b6 status=FAILED | Skipping warm cache upload (source unchanged; 52 recompiled) - no tax on warm path
    metrics: {"build_id": "ios-agent-tests:0c225a80-3b52-408a-87bb-1066a9f670b6", "repo": "https___github.com_tycenjmccann_TheBudget_ios_medium", "compiles": 109, "stale": 0, "cache_restored_from_s3": false, "cache_state": "warm", "cache_saved": false, "save_reason": "source unchanged", "src_hash": "6a753ebbb91cd4bf74593a34ed306bfe07446fb5", "sec_restore": 0, "sec_mirror": 1, "sec_test": 734, "sec_save": 0, "sec_total": 744, "tests_total": 42, "tests_passed": 19, "tests_failed": 16, "tests_skipped": 7, "test_total_ms": 461061.55}
20:36:40 [medium run3] started ios-agent-tests:c9d4ecf1-ee82-4a58-9b2a-1e21ba7c5569
[large run4] ios-agent-tests:799a5858-5bd6-4100-bfac-fb50da71593e status=FAILED | Skipping warm cache upload (source unchanged; 52 recompiled) - no tax on warm path
    metrics: {"build_id": "ios-agent-tests:799a5858-5bd6-4100-bfac-fb50da71593e", "repo": "https___github.com_tycenjmccann_TheBudget_ios_large", "compiles": 113, "stale": 0, "cache_restored_from_s3": false, "cache_state": "warm", "cache_saved": false, "save_reason": "source unchanged", "src_hash": "6a753ebbb91cd4bf74593a34ed306bfe07446fb5", "sec_restore": 1, "sec_mirror": 1, "sec_test": 733, "sec_save": 0, "sec_total": 744, "tests_total": 42, "tests_passed": 19, "tests_failed": 16, "tests_skipped": 7, "test_total_ms": 460054.94}
20:45:41 [large] TRACK COMPLETE
[medium run3] ios-agent-tests:c9d4ecf1-ee82-4a58-9b2a-1e21ba7c5569 status=FAILED | Skipping warm cache upload (source unchanged; 52 recompiled) - no tax on warm path
    metrics: {"build_id": "ios-agent-tests:c9d4ecf1-ee82-4a58-9b2a-1e21ba7c5569", "repo": "https___github.com_tycenjmccann_TheBudget_ios_medium", "compiles": 109, "stale": 0, "cache_restored_from_s3": false, "cache_state": "warm", "cache_saved": false, "save_reason": "source unchanged", "src_hash": "6a753ebbb91cd4bf74593a34ed306bfe07446fb5", "sec_restore": 0, "sec_mirror": 1, "sec_test": 728, "sec_save": 0, "sec_total": 737, "tests_total": 42, "tests_passed": 19, "tests_failed": 16, "tests_skipped": 7, "test_total_ms": 459055.0}
20:49:49 [medium run4] started ios-agent-tests:c739c515-1966-46ff-992e-7719571dcec6
[medium run4] ios-agent-tests:c739c515-1966-46ff-992e-7719571dcec6 status=FAILED | Skipping warm cache upload (source unchanged; 52 recompiled) - no tax on warm path
    metrics: {"build_id": "ios-agent-tests:c739c515-1966-46ff-992e-7719571dcec6", "repo": "https___github.com_tycenjmccann_TheBudget_ios_medium", "compiles": 109, "stale": 0, "cache_restored_from_s3": false, "cache_state": "warm", "cache_saved": false, "save_reason": "source unchanged", "src_hash": "6a753ebbb91cd4bf74593a34ed306bfe07446fb5", "sec_restore": 0, "sec_mirror": 1, "sec_test": 734, "sec_save": 0, "sec_total": 744, "tests_total": 42, "tests_passed": 19, "tests_failed": 16, "tests_skipped": 7, "test_total_ms": 459057.26}
21:02:47 [medium] TRACK COMPLETE
warm-campaign done Wed Jun 24 21:02:47 PDT 2026
